{"numTotalTestSuites":9,"numPassedTestSuites":9,"numFailedTestSuites":0,"numPendingTestSuites":0,"numTotalTests":23,"numPassedTests":20,"numFailedTests":0,"numPendingTests":3,"numTodoTests":0,"snapshot":{"added":0,"failure":false,"filesAdded":0,"filesRemoved":0,"filesRemovedList":[],"filesUnmatched":0,"filesUpdated":0,"matched":0,"total":0,"unchecked":0,"uncheckedKeysByFile":[],"unmatched":0,"updated":0,"didUpdate":false},"startTime":1751439470168,"success":true,"testResults":[{"assertionResults":[{"ancestorTitles":["Cloudflare Worker MCP Server","Basic Worker Endpoints"],"fullName":"Cloudflare Worker MCP Server Basic Worker Endpoints should return API information on root endpoint","status":"passed","title":"should return API information on root endpoint","duration":7.792874999999981,"failureMessages":[],"meta":{}},{"ancestorTitles":["Cloudflare Worker MCP Server","Basic Worker Endpoints"],"fullName":"Cloudflare Worker MCP Server Basic Worker Endpoints should return health check information","status":"passed","title":"should return health check information","duration":7.672374999999988,"failureMessages":[],"meta":{}},{"ancestorTitles":["Cloudflare Worker MCP Server","Basic Worker Endpoints"],"fullName":"Cloudflare Worker MCP Server Basic Worker Endpoints should handle CORS preflight requests","status":"passed","title":"should handle CORS preflight requests","duration":7.409666999999956,"failureMessages":[],"meta":{}},{"ancestorTitles":["Cloudflare Worker MCP Server","Basic Worker Endpoints"],"fullName":"Cloudflare Worker MCP Server Basic Worker Endpoints should return 404 for unknown endpoints","status":"passed","title":"should return 404 for unknown endpoints","duration":7.636708999999996,"failureMessages":[],"meta":{}},{"ancestorTitles":["Cloudflare Worker MCP Server","MCP Protocol Endpoints"],"fullName":"Cloudflare Worker MCP Server MCP Protocol Endpoints should handle MCP initialization request","status":"skipped","title":"should handle MCP initialization request","failureMessages":[],"meta":{}},{"ancestorTitles":["Cloudflare Worker MCP Server","MCP Protocol Endpoints"],"fullName":"Cloudflare Worker MCP Server MCP Protocol Endpoints should handle MCP list resources request","status":"skipped","title":"should handle MCP list resources request","failureMessages":[],"meta":{}},{"ancestorTitles":["Cloudflare Worker MCP Server","MCP Protocol Endpoints"],"fullName":"Cloudflare Worker MCP Server MCP Protocol Endpoints should handle MCP list tools request","status":"skipped","title":"should handle MCP list tools request","failureMessages":[],"meta":{}},{"ancestorTitles":["Cloudflare Worker MCP Server","MCP Protocol Endpoints"],"fullName":"Cloudflare Worker MCP Server MCP Protocol Endpoints should handle GET requests for SSE (basic implementation)","status":"passed","title":"should handle GET requests for SSE (basic implementation)","duration":2.9907079999999837,"failureMessages":[],"meta":{}},{"ancestorTitles":["Cloudflare Worker MCP Server","MCP Protocol Endpoints"],"fullName":"Cloudflare Worker MCP Server MCP Protocol Endpoints should handle DELETE requests for session termination","status":"passed","title":"should handle DELETE requests for session termination","duration":2.9840000000000373,"failureMessages":[],"meta":{}},{"ancestorTitles":["Cloudflare Worker MCP Server","Error Handling"],"fullName":"Cloudflare Worker MCP Server Error Handling should handle malformed JSON in POST requests","status":"passed","title":"should handle malformed JSON in POST requests","duration":3.612625000000037,"failureMessages":[],"meta":{}},{"ancestorTitles":["Cloudflare Worker MCP Server","Error Handling"],"fullName":"Cloudflare Worker MCP Server Error Handling should handle unsupported HTTP methods on /mcp","status":"passed","title":"should handle unsupported HTTP methods on /mcp","duration":3.0137920000000236,"failureMessages":[],"meta":{}},{"ancestorTitles":["Cloudflare Worker MCP Server","Error Handling"],"fullName":"Cloudflare Worker MCP Server Error Handling should include CORS headers in error responses","status":"passed","title":"should include CORS headers in error responses","duration":2.4125419999999735,"failureMessages":[],"meta":{}},{"ancestorTitles":["Cloudflare Worker MCP Server","Response Headers"],"fullName":"Cloudflare Worker MCP Server Response Headers should include proper CORS headers in all responses","status":"passed","title":"should include proper CORS headers in all responses","duration":1.668374999999969,"failureMessages":[],"meta":{}},{"ancestorTitles":["Cloudflare Worker MCP Server","Response Headers"],"fullName":"Cloudflare Worker MCP Server Response Headers should set correct Content-Type for JSON responses","status":"passed","title":"should set correct Content-Type for JSON responses","duration":1.6102089999999976,"failureMessages":[],"meta":{}},{"ancestorTitles":["Cloudflare Worker MCP Server","Data Integrity"],"fullName":"Cloudflare Worker MCP Server Data Integrity should have correct quotes data structure","status":"passed","title":"should have correct quotes data structure","duration":2.169832999999983,"failureMessages":[],"meta":{}},{"ancestorTitles":["Cloudflare Worker MCP Server","Data Integrity"],"fullName":"Cloudflare Worker MCP Server Data Integrity should have valid endpoints configuration","status":"passed","title":"should have valid endpoints configuration","duration":2.154541999999992,"failureMessages":[],"meta":{}},{"ancestorTitles":["Cloudflare Worker MCP Server","Performance and Optimization"],"fullName":"Cloudflare Worker MCP Server Performance and Optimization should respond quickly to health checks","status":"passed","title":"should respond quickly to health checks","duration":1.404707999999971,"failureMessages":[],"meta":{}},{"ancestorTitles":["Cloudflare Worker MCP Server","Performance and Optimization"],"fullName":"Cloudflare Worker MCP Server Performance and Optimization should have compact response sizes","status":"passed","title":"should have compact response sizes","duration":1.9050840000000449,"failureMessages":[],"meta":{}},{"ancestorTitles":["MCPSessionManager Durable Object"],"fullName":"MCPSessionManager Durable Object should store session data","status":"passed","title":"should store session data","duration":1.9753750000000423,"failureMessages":[],"meta":{}},{"ancestorTitles":["MCPSessionManager Durable Object"],"fullName":"MCPSessionManager Durable Object should retrieve session data","status":"passed","title":"should retrieve session data","duration":1.4231249999999704,"failureMessages":[],"meta":{}},{"ancestorTitles":["MCPSessionManager Durable Object"],"fullName":"MCPSessionManager Durable Object should delete session data","status":"passed","title":"should delete session data","duration":1.073666000000003,"failureMessages":[],"meta":{}},{"ancestorTitles":["MCPSessionManager Durable Object"],"fullName":"MCPSessionManager Durable Object should return null for non-existent sessions","status":"passed","title":"should return null for non-existent sessions","duration":1.049082999999996,"failureMessages":[],"meta":{}},{"ancestorTitles":["MCPSessionManager Durable Object"],"fullName":"MCPSessionManager Durable Object should handle unsupported methods","status":"passed","title":"should handle unsupported methods","duration":0.43650000000002365,"failureMessages":[],"meta":{}}],"startTime":1751439470532,"endTime":1751439470548.0737,"status":"passed","message":"","name":"/Users/klaushofrichter/Development/mcp-1/cloudflare-worker-mcp.test.js"}]}