{"numTotalTestSuites":9,"numPassedTestSuites":9,"numFailedTestSuites":0,"numPendingTestSuites":0,"numTotalTests":18,"numPassedTests":17,"numFailedTests":0,"numPendingTests":1,"numTodoTests":0,"snapshot":{"added":0,"failure":false,"filesAdded":0,"filesRemoved":0,"filesRemovedList":[],"filesUnmatched":0,"filesUpdated":0,"matched":0,"total":0,"unchecked":0,"uncheckedKeysByFile":[],"unmatched":0,"updated":0,"didUpdate":false},"startTime":1751396222034,"success":true,"testResults":[{"assertionResults":[{"ancestorTitles":["Cloudflare Worker Integration Tests","Deployment Health"],"fullName":"Cloudflare Worker Integration Tests Deployment Health should be accessible and return health status","status":"passed","title":"should be accessible and return health status","duration":198.51325000000003,"failureMessages":[],"meta":{}},{"ancestorTitles":["Cloudflare Worker Integration Tests","Deployment Health"],"fullName":"Cloudflare Worker Integration Tests Deployment Health should return comprehensive API information","status":"passed","title":"should return comprehensive API information","duration":197.11945799999995,"failureMessages":[],"meta":{}},{"ancestorTitles":["Cloudflare Worker Integration Tests","CORS and Headers"],"fullName":"Cloudflare Worker Integration Tests CORS and Headers should handle CORS preflight requests","status":"passed","title":"should handle CORS preflight requests","duration":192.06275,"failureMessages":[],"meta":{}},{"ancestorTitles":["Cloudflare Worker Integration Tests","CORS and Headers"],"fullName":"Cloudflare Worker Integration Tests CORS and Headers should include CORS headers in all responses","status":"passed","title":"should include CORS headers in all responses","duration":371.279833,"failureMessages":[],"meta":{}},{"ancestorTitles":["Cloudflare Worker Integration Tests","CORS and Headers"],"fullName":"Cloudflare Worker Integration Tests CORS and Headers should set correct Content-Type headers","status":"passed","title":"should set correct Content-Type headers","duration":246.62154199999998,"failureMessages":[],"meta":{}},{"ancestorTitles":["Cloudflare Worker Integration Tests","MCP Protocol Support"],"fullName":"Cloudflare Worker Integration Tests MCP Protocol Support should accept MCP initialization requests","status":"skipped","title":"should accept MCP initialization requests","failureMessages":[],"meta":{}},{"ancestorTitles":["Cloudflare Worker Integration Tests","MCP Protocol Support"],"fullName":"Cloudflare Worker Integration Tests MCP Protocol Support should handle SSE endpoint for MCP notifications","status":"passed","title":"should handle SSE endpoint for MCP notifications","duration":28.411249999999995,"failureMessages":[],"meta":{}},{"ancestorTitles":["Cloudflare Worker Integration Tests","MCP Protocol Support"],"fullName":"Cloudflare Worker Integration Tests MCP Protocol Support should handle session termination requests","status":"passed","title":"should handle session termination requests","duration":29.033874999999966,"failureMessages":[],"meta":{}},{"ancestorTitles":["Cloudflare Worker Integration Tests","Error Handling"],"fullName":"Cloudflare Worker Integration Tests Error Handling should return 404 for unknown endpoints","status":"passed","title":"should return 404 for unknown endpoints","duration":30.70058400000005,"failureMessages":[],"meta":{}},{"ancestorTitles":["Cloudflare Worker Integration Tests","Error Handling"],"fullName":"Cloudflare Worker Integration Tests Error Handling should handle malformed JSON gracefully","status":"passed","title":"should handle malformed JSON gracefully","duration":32.63791600000002,"failureMessages":[],"meta":{}},{"ancestorTitles":["Cloudflare Worker Integration Tests","Error Handling"],"fullName":"Cloudflare Worker Integration Tests Error Handling should reject unsupported HTTP methods","status":"passed","title":"should reject unsupported HTTP methods","duration":32.51816700000006,"failureMessages":[],"meta":{}},{"ancestorTitles":["Cloudflare Worker Integration Tests","Performance and Reliability"],"fullName":"Cloudflare Worker Integration Tests Performance and Reliability should respond quickly to requests","status":"passed","title":"should respond quickly to requests","duration":28.59729100000004,"failureMessages":[],"meta":{}},{"ancestorTitles":["Cloudflare Worker Integration Tests","Performance and Reliability"],"fullName":"Cloudflare Worker Integration Tests Performance and Reliability should handle multiple concurrent requests","status":"passed","title":"should handle multiple concurrent requests","duration":91.27154200000007,"failureMessages":[],"meta":{}},{"ancestorTitles":["Cloudflare Worker Integration Tests","Performance and Reliability"],"fullName":"Cloudflare Worker Integration Tests Performance and Reliability should maintain consistency across requests","status":"passed","title":"should maintain consistency across requests","duration":79.21441700000003,"failureMessages":[],"meta":{}},{"ancestorTitles":["Cloudflare Worker Integration Tests","Global Availability"],"fullName":"Cloudflare Worker Integration Tests Global Availability should be accessible from different regions","status":"passed","title":"should be accessible from different regions","duration":26.308708000000024,"failureMessages":[],"meta":{}},{"ancestorTitles":["Cloudflare Worker Integration Tests","Global Availability"],"fullName":"Cloudflare Worker Integration Tests Global Availability should have low latency from edge locations","status":"passed","title":"should have low latency from edge locations","duration":391.80054199999984,"failureMessages":[],"meta":{}},{"ancestorTitles":["Cloudflare Worker Integration Tests","Data Integrity Validation"],"fullName":"Cloudflare Worker Integration Tests Data Integrity Validation should serve consistent quote data","status":"passed","title":"should serve consistent quote data","duration":28.107334000000037,"failureMessages":[],"meta":{}},{"ancestorTitles":["Cloudflare Worker Integration Tests","Data Integrity Validation"],"fullName":"Cloudflare Worker Integration Tests Data Integrity Validation should maintain data structure integrity","status":"passed","title":"should maintain data structure integrity","duration":29.59254199999998,"failureMessages":[],"meta":{}}],"startTime":1751396222576,"endTime":1751396223226.8005,"status":"passed","message":"","name":"/Users/klaushofrichter/Development/mcp-1/cloudflare-worker-integration.test.js"}]}